14:14:05 **** Incremental Build of configuration Nios II for project lab61_app ****
make all 
Info: Building ../lab61_app_bsp/
C:/intelFPGA_lite/18.1/nios2eds/bin/gnu/H-x86_64-mingw32/bin/make --no-print-directory -C ../lab61_app_bsp/
[BSP build complete]
Info: Compiling main.c to obj/default/main.o
nios2-elf-gcc -xc -MP -MMD -c -I../lab61_app_bsp//HAL/inc -I../lab61_app_bsp/ -I../lab61_app_bsp//drivers/inc  -pipe -D__hal__ -DALT_NO_INSTRUCTION_EMULATION -DALT_SINGLE_THREADED    -O0 -g -Wall   -mno-hw-div -mno-hw-mul -mno-hw-mulx -mgpopt=global  -o obj/default/main.o main.c
main.c: In function 'main':
main.c:11:6: warning: unused variable 'ready' [-Wunused-variable]
  int ready;
      ^
main.c:10:24: warning: unused variable 'sum' [-Wunused-variable]
  volatile unsigned int sum = 0;
                        ^
main.c:6:25: warning: unused variable 'button' [-Wunused-variable]
  volatile unsigned int *button = (unsigned int*)0x50;
                         ^
main.c:5:25: warning: unused variable 'SW_PIO' [-Wunused-variable]
  volatile unsigned int *SW_PIO = (unsigned int*)0x60;
                         ^
Info: Linking lab61_app.elf
nios2-elf-g++  -T'../lab61_app_bsp//linker.x' -msys-crt0='../lab61_app_bsp//obj/HAL/src/crt0.o' -msys-lib=hal_bsp -L../lab61_app_bsp/   -Wl,-Map=lab61_app.map   -O0 -g -Wall   -mno-hw-div -mno-hw-mul -mno-hw-mulx -mgpopt=global  -o lab61_app.elf obj/default/main.o -lm -msys-lib=m
nios2-elf-insert lab61_app.elf --thread_model hal --cpu_name nios2_gen2_0 --qsys true --simulation_enabled false --id 0 --sidp 0x98 --timestamp 1647028568 --stderr_dev none --stdin_dev none --stdout_dev none --sopc_system_name lab61soc --quartus_project_dir "C:/Users/beallis3/Desktop/ece385-sp2022/lab_6/quartus_code" --jdi ../..//output_files/lab61.jdi --sopcinfo C:/Users/beallis3/Desktop/ece385-sp2022/lab_6/quartus_code/software/lab61_app_bsp/../../lab61soc.sopcinfo
Info: (lab61_app.elf) 3812 Bytes program size (code + initialized data).
Info:                 65530 KBytes free for stack + heap.
Info: Creating lab61_app.objdump
nios2-elf-objdump --disassemble --syms --all-header --source lab61_app.elf >lab61_app.objdump
[lab61_app build complete]

14:14:11 Build Finished (took 5s.882ms)

