Flow report for Processor
Mon Feb 14 18:45:20 2022
Quartus Prime Version 18.1.0 Build 625 09/12/2018 SJ Lite Edition


---------------------
; Table of Contents ;
---------------------
  1. Legal Notice
  2. Flow Summary
  3. Flow Settings
  4. Flow Non-Default Global Settings
  5. Flow Elapsed Time
  6. Flow OS Summary
  7. Flow Log
  8. Flow Messages
  9. Flow Suppressed Messages



----------------
; Legal Notice ;
----------------
Copyright (C) 2018  Intel Corporation. All rights reserved.
Your use of Intel Corporation's design tools, logic functions 
and other software and tools, and its AMPP partner logic 
functions, and any output files from any of the foregoing 
(including device programming or simulation files), and any 
associated documentation or information are expressly subject 
to the terms and conditions of the Intel Program License 
Subscription Agreement, the Intel Quartus Prime License Agreement,
the Intel FPGA IP License Agreement, or other applicable license
agreement, including, without limitation, that your use is for
the sole purpose of programming logic devices manufactured by
Intel and sold by Intel or its authorized distributors.  Please
refer to the applicable agreement for further details.



+----------------------------------------------------------------------------------+
; Flow Summary                                                                     ;
+------------------------------------+---------------------------------------------+
; Flow Status                        ; Successful - Mon Feb 14 18:45:20 2022       ;
; Quartus Prime Version              ; 18.1.0 Build 625 09/12/2018 SJ Lite Edition ;
; Revision Name                      ; Processor                                   ;
; Top-level Entity Name              ; Processor                                   ;
; Family                             ; MAX 10                                      ;
; Device                             ; 10M50DAF484C7G                              ;
; Timing Models                      ; Final                                       ;
; Total logic elements               ; 703 / 49,760 ( 1 % )                        ;
;     Total combinational functions  ; 502 / 49,760 ( 1 % )                        ;
;     Dedicated logic registers      ; 509 / 49,760 ( 1 % )                        ;
; Total registers                    ; 529                                         ;
; Total pins                         ; 61 / 360 ( 17 % )                           ;
; Total virtual pins                 ; 0                                           ;
; Total memory bits                  ; 2,176 / 1,677,312 ( < 1 % )                 ;
; Embedded Multiplier 9-bit elements ; 0 / 288 ( 0 % )                             ;
; Total PLLs                         ; 0 / 4 ( 0 % )                               ;
; UFM blocks                         ; 0 / 1 ( 0 % )                               ;
; ADC blocks                         ; 0 / 2 ( 0 % )                               ;
+------------------------------------+---------------------------------------------+


+-----------------------------------------+
; Flow Settings                           ;
+-------------------+---------------------+
; Option            ; Setting             ;
+-------------------+---------------------+
; Start date & time ; 02/14/2022 18:44:35 ;
; Main task         ; Compilation         ;
; Revision Name     ; Processor           ;
+-------------------+---------------------+


+---------------------------------------------------------------------------------------------------------------------------------------+
; Flow Non-Default Global Settings                                                                                                      ;
+--------------------------------------+-----------------------------------------------+---------------+-------------+------------------+
; Assignment Name                      ; Value                                         ; Default Value ; Entity Name ; Section Id       ;
+--------------------------------------+-----------------------------------------------+---------------+-------------+------------------+
; COMPILER_SIGNATURE_ID                ; 66120947909142.164488587403216                ; --            ; --          ; --               ;
; EDA_DESIGN_INSTANCE_NAME             ; NA                                            ; --            ; --          ; testbench_8      ;
; EDA_NATIVELINK_SIMULATION_TEST_BENCH ; testbench_8                                   ; --            ; --          ; eda_simulation   ;
; EDA_OUTPUT_DATA_FORMAT               ; Systemverilog Hdl                             ; --            ; --          ; eda_simulation   ;
; EDA_SIMULATION_TOOL                  ; ModelSim-Altera (SystemVerilog)               ; <None>        ; --          ; --               ;
; EDA_TEST_BENCH_ENABLE_STATUS         ; TEST_BENCH_MODE                               ; --            ; --          ; eda_simulation   ;
; EDA_TEST_BENCH_FILE                  ; testbench_8.sv                                ; --            ; --          ; testbench_8      ;
; EDA_TEST_BENCH_MODULE_NAME           ; testbench_8                                   ; --            ; --          ; testbench_8      ;
; EDA_TEST_BENCH_NAME                  ; testbench_8                                   ; --            ; --          ; eda_simulation   ;
; EDA_TEST_BENCH_RUN_SIM_FOR           ; 2000 ns                                       ; --            ; --          ; testbench_8      ;
; EDA_TIME_SCALE                       ; 1 ps                                          ; --            ; --          ; eda_simulation   ;
; ENABLE_SIGNALTAP                     ; On                                            ; --            ; --          ; --               ;
; FLOW_ENABLE_POWER_ANALYZER           ; On                                            ; Off           ; --          ; --               ;
; MAX_CORE_JUNCTION_TEMP               ; 85                                            ; --            ; --          ; --               ;
; MIN_CORE_JUNCTION_TEMP               ; 0                                             ; --            ; --          ; --               ;
; PARTITION_COLOR                      ; -- (Not supported for targeted family)        ; --            ; --          ; Top              ;
; PARTITION_FITTER_PRESERVATION_LEVEL  ; -- (Not supported for targeted family)        ; --            ; --          ; Top              ;
; PARTITION_NETLIST_TYPE               ; -- (Not supported for targeted family)        ; --            ; --          ; Top              ;
; POWER_BOARD_THERMAL_MODEL            ; None (CONSERVATIVE)                           ; --            ; --          ; --               ;
; POWER_DEFAULT_INPUT_IO_TOGGLE_RATE   ; 12.5 %                                        ; 12.5%         ; --          ; --               ;
; POWER_PRESET_COOLING_SOLUTION        ; 23 MM HEAT SINK WITH 200 LFPM AIRFLOW         ; --            ; --          ; --               ;
; PROJECT_OUTPUT_DIRECTORY             ; output_files                                  ; --            ; --          ; --               ;
; SLD_FILE                             ; db/stp2_auto_stripped.stp                     ; --            ; --          ; --               ;
; SLD_NODE_CREATOR_ID                  ; 110                                           ; --            ; --          ; auto_signaltap_0 ;
; SLD_NODE_ENTITY_NAME                 ; sld_signaltap                                 ; --            ; --          ; auto_signaltap_0 ;
; SLD_NODE_PARAMETER_ASSIGNMENT        ; SLD_RAM_BLOCK_TYPE=AUTO                       ; --            ; --          ; auto_signaltap_0 ;
; SLD_NODE_PARAMETER_ASSIGNMENT        ; SLD_NODE_INFO=805334528                       ; --            ; --          ; auto_signaltap_0 ;
; SLD_NODE_PARAMETER_ASSIGNMENT        ; SLD_POWER_UP_TRIGGER=0                        ; --            ; --          ; auto_signaltap_0 ;
; SLD_NODE_PARAMETER_ASSIGNMENT        ; SLD_STORAGE_QUALIFIER_INVERSION_MASK_LENGTH=0 ; --            ; --          ; auto_signaltap_0 ;
; SLD_NODE_PARAMETER_ASSIGNMENT        ; SLD_SEGMENT_SIZE=128                          ; --            ; --          ; auto_signaltap_0 ;
; SLD_NODE_PARAMETER_ASSIGNMENT        ; SLD_ATTRIBUTE_MEM_MODE=OFF                    ; --            ; --          ; auto_signaltap_0 ;
; SLD_NODE_PARAMETER_ASSIGNMENT        ; SLD_STATE_FLOW_USE_GENERATED=0                ; --            ; --          ; auto_signaltap_0 ;
; SLD_NODE_PARAMETER_ASSIGNMENT        ; SLD_STATE_BITS=11                             ; --            ; --          ; auto_signaltap_0 ;
; SLD_NODE_PARAMETER_ASSIGNMENT        ; SLD_BUFFER_FULL_STOP=1                        ; --            ; --          ; auto_signaltap_0 ;
; SLD_NODE_PARAMETER_ASSIGNMENT        ; SLD_CURRENT_RESOURCE_WIDTH=1                  ; --            ; --          ; auto_signaltap_0 ;
; SLD_NODE_PARAMETER_ASSIGNMENT        ; SLD_INCREMENTAL_ROUTING=1                     ; --            ; --          ; auto_signaltap_0 ;
; SLD_NODE_PARAMETER_ASSIGNMENT        ; SLD_TRIGGER_LEVEL=1                           ; --            ; --          ; auto_signaltap_0 ;
; SLD_NODE_PARAMETER_ASSIGNMENT        ; SLD_SAMPLE_DEPTH=128                          ; --            ; --          ; auto_signaltap_0 ;
; SLD_NODE_PARAMETER_ASSIGNMENT        ; SLD_TRIGGER_IN_ENABLED=0                      ; --            ; --          ; auto_signaltap_0 ;
; SLD_NODE_PARAMETER_ASSIGNMENT        ; SLD_TRIGGER_PIPELINE=0                        ; --            ; --          ; auto_signaltap_0 ;
; SLD_NODE_PARAMETER_ASSIGNMENT        ; SLD_RAM_PIPELINE=0                            ; --            ; --          ; auto_signaltap_0 ;
; SLD_NODE_PARAMETER_ASSIGNMENT        ; SLD_COUNTER_PIPELINE=0                        ; --            ; --          ; auto_signaltap_0 ;
; SLD_NODE_PARAMETER_ASSIGNMENT        ; SLD_ADVANCED_TRIGGER_ENTITY=basic,1,          ; --            ; --          ; auto_signaltap_0 ;
; SLD_NODE_PARAMETER_ASSIGNMENT        ; SLD_TRIGGER_LEVEL_PIPELINE=1                  ; --            ; --          ; auto_signaltap_0 ;
; SLD_NODE_PARAMETER_ASSIGNMENT        ; SLD_ENABLE_ADVANCED_TRIGGER=0                 ; --            ; --          ; auto_signaltap_0 ;
; SLD_NODE_PARAMETER_ASSIGNMENT        ; SLD_DATA_BITS=17                              ; --            ; --          ; auto_signaltap_0 ;
; SLD_NODE_PARAMETER_ASSIGNMENT        ; SLD_TRIGGER_BITS=1                            ; --            ; --          ; auto_signaltap_0 ;
; SLD_NODE_PARAMETER_ASSIGNMENT        ; SLD_STORAGE_QUALIFIER_BITS=17                 ; --            ; --          ; auto_signaltap_0 ;
; SLD_NODE_PARAMETER_ASSIGNMENT        ; SLD_INVERSION_MASK=000000000000000000000000   ; --            ; --          ; auto_signaltap_0 ;
; SLD_NODE_PARAMETER_ASSIGNMENT        ; SLD_INVERSION_MASK_LENGTH=24                  ; --            ; --          ; auto_signaltap_0 ;
; USE_SIGNALTAP_FILE                   ; stp2.stp                                      ; --            ; --          ; --               ;
+--------------------------------------+-----------------------------------------------+---------------+-------------+------------------+


+--------------------------------------------------------------------------------------------------------------------------+
; Flow Elapsed Time                                                                                                        ;
+----------------------+--------------+-------------------------+---------------------+------------------------------------+
; Module Name          ; Elapsed Time ; Average Processors Used ; Peak Virtual Memory ; Total CPU Time (on all processors) ;
+----------------------+--------------+-------------------------+---------------------+------------------------------------+
; Analysis & Synthesis ; 00:00:21     ; 1.0                     ; 4832 MB             ; 00:00:40                           ;
; Fitter               ; 00:00:09     ; 1.1                     ; 5647 MB             ; 00:00:12                           ;
; Assembler            ; 00:00:03     ; 1.0                     ; 4682 MB             ; 00:00:03                           ;
; Power Analyzer       ; 00:00:02     ; 1.2                     ; 4862 MB             ; 00:00:03                           ;
; Timing Analyzer      ; 00:00:03     ; 1.2                     ; 4825 MB             ; 00:00:03                           ;
; EDA Netlist Writer   ; 00:00:02     ; 1.0                     ; 4667 MB             ; 00:00:02                           ;
; Total                ; 00:00:40     ; --                      ; --                  ; 00:01:03                           ;
+----------------------+--------------+-------------------------+---------------------+------------------------------------+


+------------------------------------------------------------------------------------+
; Flow OS Summary                                                                    ;
+----------------------+------------------+------------+------------+----------------+
; Module Name          ; Machine Hostname ; OS Name    ; OS Version ; Processor type ;
+----------------------+------------------+------------+------------+----------------+
; Analysis & Synthesis ; DESKTOP-IK5HTH5  ; Windows 10 ; 10.0       ; x86_64         ;
; Fitter               ; DESKTOP-IK5HTH5  ; Windows 10 ; 10.0       ; x86_64         ;
; Assembler            ; DESKTOP-IK5HTH5  ; Windows 10 ; 10.0       ; x86_64         ;
; Power Analyzer       ; DESKTOP-IK5HTH5  ; Windows 10 ; 10.0       ; x86_64         ;
; Timing Analyzer      ; DESKTOP-IK5HTH5  ; Windows 10 ; 10.0       ; x86_64         ;
; EDA Netlist Writer   ; DESKTOP-IK5HTH5  ; Windows 10 ; 10.0       ; x86_64         ;
+----------------------+------------------+------------+------------+----------------+


------------
; Flow Log ;
------------
quartus_map --read_settings_files=on --write_settings_files=off Processor -c Processor
quartus_fit --read_settings_files=off --write_settings_files=off Processor -c Processor
quartus_asm --read_settings_files=off --write_settings_files=off Processor -c Processor
quartus_pow --read_settings_files=off --write_settings_files=off Processor -c Processor
quartus_sta Processor -c Processor
quartus_eda --read_settings_files=off --write_settings_files=off Processor -c Processor



