Flow report for slc3_sramtop
<<<<<<< HEAD
Mon Mar 21 23:18:24 2022
=======
Mon Mar 21 23:23:51 2022
>>>>>>> e6c91f8e089f482f7fd41798f3214769357f980c
Quartus Prime Version 18.1.0 Build 625 09/12/2018 SJ Lite Edition


---------------------
; Table of Contents ;
---------------------
  1. Legal Notice
  2. Flow Summary
  3. Flow Settings
  4. Flow Non-Default Global Settings
  5. Flow Elapsed Time
  6. Flow OS Summary
  7. Flow Log
  8. Flow Messages
  9. Flow Suppressed Messages



----------------
; Legal Notice ;
----------------
Copyright (C) 2018  Intel Corporation. All rights reserved.
Your use of Intel Corporation's design tools, logic functions 
and other software and tools, and its AMPP partner logic 
functions, and any output files from any of the foregoing 
(including device programming or simulation files), and any 
associated documentation or information are expressly subject 
to the terms and conditions of the Intel Program License 
Subscription Agreement, the Intel Quartus Prime License Agreement,
the Intel FPGA IP License Agreement, or other applicable license
agreement, including, without limitation, that your use is for
the sole purpose of programming logic devices manufactured by
Intel and sold by Intel or its authorized distributors.  Please
refer to the applicable agreement for further details.



+----------------------------------------------------------------------------------+
; Flow Summary                                                                     ;
+------------------------------------+---------------------------------------------+
<<<<<<< HEAD
; Flow Status                        ; Flow Failed - Mon Mar 21 23:18:24 2022      ;
=======
; Flow Status                        ; Successful - Mon Mar 21 23:23:51 2022       ;
>>>>>>> e6c91f8e089f482f7fd41798f3214769357f980c
; Quartus Prime Version              ; 18.1.0 Build 625 09/12/2018 SJ Lite Edition ;
; Revision Name                      ; slc3_sramtop                                ;
; Top-level Entity Name              ; slc3_testtop                                ;
; Family                             ; MAX 10                                      ;
; Device                             ; 10M50DAF484C7G                              ;
; Timing Models                      ; Final                                       ;
<<<<<<< HEAD
; Total logic elements               ; 3,613 / 49,760 ( 7 % )                      ;
;     Total combinational functions  ; 1,847 / 49,760 ( 4 % )                      ;
;     Dedicated logic registers      ; 2,487 / 49,760 ( 5 % )                      ;
; Total registers                    ; 2487                                        ;
; Total pins                         ; 51 / 360 ( 14 % )                           ;
; Total virtual pins                 ; 0                                           ;
; Total memory bits                  ; 2,363,392 / 1,677,312 ( 141 % )             ;
; Embedded Multiplier 9-bit elements ; 0 / 288 ( 0 % )                             ;
; Total PLLs                         ; 0 / 4 ( 0 % )                               ;
; UFM blocks                         ; 0 / 1 ( 0 % )                               ;
; ADC blocks                         ; 0 / 2 ( 0 % )                               ;
=======
; Total logic elements               ; 664                                         ;
;     Total combinational functions  ; 517                                         ;
;     Dedicated logic registers      ; 241                                         ;
; Total registers                    ; 241                                         ;
; Total pins                         ; 51                                          ;
; Total virtual pins                 ; 0                                           ;
; Total memory bits                  ; 0                                           ;
; Embedded Multiplier 9-bit elements ; 0                                           ;
; Total PLLs                         ; 0                                           ;
; UFM blocks                         ; 0                                           ;
; ADC blocks                         ; 0                                           ;
>>>>>>> e6c91f8e089f482f7fd41798f3214769357f980c
+------------------------------------+---------------------------------------------+


+-----------------------------------------+
; Flow Settings                           ;
+-------------------+---------------------+
; Option            ; Setting             ;
+-------------------+---------------------+
<<<<<<< HEAD
; Start date & time ; 03/21/2022 23:17:09 ;
=======
; Start date & time ; 03/21/2022 23:23:40 ;
>>>>>>> e6c91f8e089f482f7fd41798f3214769357f980c
; Main task         ; Compilation         ;
; Revision Name     ; slc3_sramtop        ;
+-------------------+---------------------+


<<<<<<< HEAD
+-----------------------------------------------------------------------------------------------------------------------------------------------------------------------------------------------------------------------------------------------------------------------------------------------------------------------------------------------------------------------------------------------------------------------------------------------------------------------------------------------------------------------------------------------------------------------------------------+
; Flow Non-Default Global Settings                                                                                                                                                                                                                                                                                                                                                                                                                                                                                                                                                        ;
+--------------------------------------+-------------------------------------------------------------------------------------------------------------------------------------------------------------------------------------------------------------------------------------------------------------------------------------------------------------------------------------------------------------------------------------------------------------------------------------------------------------------------------------------------+---------------+-------------+------------------+
; Assignment Name                      ; Value                                                                                                                                                                                                                                                                                                                                                                                                                                                                                           ; Default Value ; Entity Name ; Section Id       ;
+--------------------------------------+-------------------------------------------------------------------------------------------------------------------------------------------------------------------------------------------------------------------------------------------------------------------------------------------------------------------------------------------------------------------------------------------------------------------------------------------------------------------------------------------------+---------------+-------------+------------------+
; COMPILER_SIGNATURE_ID                ; 91762165495.164792262818676                                                                                                                                                                                                                                                                                                                                                                                                                                                                     ; --            ; --          ; --               ;
; EDA_DESIGN_INSTANCE_NAME             ; NA                                                                                                                                                                                                                                                                                                                                                                                                                                                                                              ; --            ; --          ; testbench        ;
; EDA_NATIVELINK_SIMULATION_TEST_BENCH ; testbench                                                                                                                                                                                                                                                                                                                                                                                                                                                                                       ; --            ; --          ; eda_simulation   ;
; EDA_OUTPUT_DATA_FORMAT               ; Systemverilog Hdl                                                                                                                                                                                                                                                                                                                                                                                                                                                                               ; --            ; --          ; eda_simulation   ;
; EDA_SIMULATION_TOOL                  ; ModelSim-Altera (SystemVerilog)                                                                                                                                                                                                                                                                                                                                                                                                                                                                 ; <None>        ; --          ; --               ;
; EDA_TEST_BENCH_ENABLE_STATUS         ; TEST_BENCH_MODE                                                                                                                                                                                                                                                                                                                                                                                                                                                                                 ; --            ; --          ; eda_simulation   ;
; EDA_TEST_BENCH_FILE                  ; testbench.sv                                                                                                                                                                                                                                                                                                                                                                                                                                                                                    ; --            ; --          ; testbench        ;
; EDA_TEST_BENCH_MODULE_NAME           ; testbench                                                                                                                                                                                                                                                                                                                                                                                                                                                                                       ; --            ; --          ; testbench        ;
; EDA_TEST_BENCH_NAME                  ; testbench                                                                                                                                                                                                                                                                                                                                                                                                                                                                                       ; --            ; --          ; eda_simulation   ;
; EDA_TEST_BENCH_RUN_SIM_FOR           ; 2 us                                                                                                                                                                                                                                                                                                                                                                                                                                                                                            ; --            ; --          ; testbench        ;
; EDA_TIME_SCALE                       ; 1 ps                                                                                                                                                                                                                                                                                                                                                                                                                                                                                            ; --            ; --          ; eda_simulation   ;
; ENABLE_SIGNALTAP                     ; On                                                                                                                                                                                                                                                                                                                                                                                                                                                                                              ; --            ; --          ; --               ;
; FLOW_ENABLE_POWER_ANALYZER           ; On                                                                                                                                                                                                                                                                                                                                                                                                                                                                                              ; Off           ; --          ; --               ;
; MAX_CORE_JUNCTION_TEMP               ; 85                                                                                                                                                                                                                                                                                                                                                                                                                                                                                              ; --            ; --          ; --               ;
; MIN_CORE_JUNCTION_TEMP               ; 0                                                                                                                                                                                                                                                                                                                                                                                                                                                                                               ; --            ; --          ; --               ;
; MISC_FILE                            ; ram_bb.v                                                                                                                                                                                                                                                                                                                                                                                                                                                                                        ; --            ; --          ; --               ;
; PARTITION_COLOR                      ; -- (Not supported for targeted family)                                                                                                                                                                                                                                                                                                                                                                                                                                                          ; --            ; --          ; Top              ;
; PARTITION_FITTER_PRESERVATION_LEVEL  ; -- (Not supported for targeted family)                                                                                                                                                                                                                                                                                                                                                                                                                                                          ; --            ; --          ; Top              ;
; PARTITION_NETLIST_TYPE               ; -- (Not supported for targeted family)                                                                                                                                                                                                                                                                                                                                                                                                                                                          ; --            ; --          ; Top              ;
; POWER_BOARD_THERMAL_MODEL            ; None (CONSERVATIVE)                                                                                                                                                                                                                                                                                                                                                                                                                                                                             ; --            ; --          ; --               ;
; POWER_DEFAULT_INPUT_IO_TOGGLE_RATE   ; 12.5 %                                                                                                                                                                                                                                                                                                                                                                                                                                                                                          ; 12.5%         ; --          ; --               ;
; POWER_PRESET_COOLING_SOLUTION        ; 23 MM HEAT SINK WITH 200 LFPM AIRFLOW                                                                                                                                                                                                                                                                                                                                                                                                                                                           ; --            ; --          ; --               ;
; PROJECT_OUTPUT_DIRECTORY             ; output_files                                                                                                                                                                                                                                                                                                                                                                                                                                                                                    ; --            ; --          ; --               ;
; SLD_FILE                             ; db/MULT_auto_stripped.stp                                                                                                                                                                                                                                                                                                                                                                                                                                                                       ; --            ; --          ; --               ;
; SLD_NODE_CREATOR_ID                  ; 110                                                                                                                                                                                                                                                                                                                                                                                                                                                                                             ; --            ; --          ; auto_signaltap_0 ;
; SLD_NODE_ENTITY_NAME                 ; sld_signaltap                                                                                                                                                                                                                                                                                                                                                                                                                                                                                   ; --            ; --          ; auto_signaltap_0 ;
; SLD_NODE_PARAMETER_ASSIGNMENT        ; SLD_RAM_BLOCK_TYPE=AUTO                                                                                                                                                                                                                                                                                                                                                                                                                                                                         ; --            ; --          ; auto_signaltap_0 ;
; SLD_NODE_PARAMETER_ASSIGNMENT        ; SLD_NODE_INFO=805334528                                                                                                                                                                                                                                                                                                                                                                                                                                                                         ; --            ; --          ; auto_signaltap_0 ;
; SLD_NODE_PARAMETER_ASSIGNMENT        ; SLD_POWER_UP_TRIGGER=0                                                                                                                                                                                                                                                                                                                                                                                                                                                                          ; --            ; --          ; auto_signaltap_0 ;
; SLD_NODE_PARAMETER_ASSIGNMENT        ; SLD_STORAGE_QUALIFIER_INVERSION_MASK_LENGTH=0                                                                                                                                                                                                                                                                                                                                                                                                                                                   ; --            ; --          ; auto_signaltap_0 ;
; SLD_NODE_PARAMETER_ASSIGNMENT        ; SLD_ATTRIBUTE_MEM_MODE=OFF                                                                                                                                                                                                                                                                                                                                                                                                                                                                      ; --            ; --          ; auto_signaltap_0 ;
; SLD_NODE_PARAMETER_ASSIGNMENT        ; SLD_STATE_FLOW_USE_GENERATED=0                                                                                                                                                                                                                                                                                                                                                                                                                                                                  ; --            ; --          ; auto_signaltap_0 ;
; SLD_NODE_PARAMETER_ASSIGNMENT        ; SLD_STATE_BITS=11                                                                                                                                                                                                                                                                                                                                                                                                                                                                               ; --            ; --          ; auto_signaltap_0 ;
; SLD_NODE_PARAMETER_ASSIGNMENT        ; SLD_BUFFER_FULL_STOP=1                                                                                                                                                                                                                                                                                                                                                                                                                                                                          ; --            ; --          ; auto_signaltap_0 ;
; SLD_NODE_PARAMETER_ASSIGNMENT        ; SLD_CURRENT_RESOURCE_WIDTH=1                                                                                                                                                                                                                                                                                                                                                                                                                                                                    ; --            ; --          ; auto_signaltap_0 ;
; SLD_NODE_PARAMETER_ASSIGNMENT        ; SLD_INCREMENTAL_ROUTING=1                                                                                                                                                                                                                                                                                                                                                                                                                                                                       ; --            ; --          ; auto_signaltap_0 ;
; SLD_NODE_PARAMETER_ASSIGNMENT        ; SLD_TRIGGER_LEVEL=1                                                                                                                                                                                                                                                                                                                                                                                                                                                                             ; --            ; --          ; auto_signaltap_0 ;
; SLD_NODE_PARAMETER_ASSIGNMENT        ; SLD_TRIGGER_IN_ENABLED=0                                                                                                                                                                                                                                                                                                                                                                                                                                                                        ; --            ; --          ; auto_signaltap_0 ;
; SLD_NODE_PARAMETER_ASSIGNMENT        ; SLD_TRIGGER_PIPELINE=0                                                                                                                                                                                                                                                                                                                                                                                                                                                                          ; --            ; --          ; auto_signaltap_0 ;
; SLD_NODE_PARAMETER_ASSIGNMENT        ; SLD_RAM_PIPELINE=0                                                                                                                                                                                                                                                                                                                                                                                                                                                                              ; --            ; --          ; auto_signaltap_0 ;
; SLD_NODE_PARAMETER_ASSIGNMENT        ; SLD_COUNTER_PIPELINE=0                                                                                                                                                                                                                                                                                                                                                                                                                                                                          ; --            ; --          ; auto_signaltap_0 ;
; SLD_NODE_PARAMETER_ASSIGNMENT        ; SLD_ADVANCED_TRIGGER_ENTITY=basic,1,                                                                                                                                                                                                                                                                                                                                                                                                                                                            ; --            ; --          ; auto_signaltap_0 ;
; SLD_NODE_PARAMETER_ASSIGNMENT        ; SLD_TRIGGER_LEVEL_PIPELINE=1                                                                                                                                                                                                                                                                                                                                                                                                                                                                    ; --            ; --          ; auto_signaltap_0 ;
; SLD_NODE_PARAMETER_ASSIGNMENT        ; SLD_ENABLE_ADVANCED_TRIGGER=0                                                                                                                                                                                                                                                                                                                                                                                                                                                                   ; --            ; --          ; auto_signaltap_0 ;
; SLD_NODE_PARAMETER_ASSIGNMENT        ; SLD_DATA_BITS=144                                                                                                                                                                                                                                                                                                                                                                                                                                                                               ; --            ; --          ; auto_signaltap_0 ;
; SLD_NODE_PARAMETER_ASSIGNMENT        ; SLD_TRIGGER_BITS=144                                                                                                                                                                                                                                                                                                                                                                                                                                                                            ; --            ; --          ; auto_signaltap_0 ;
; SLD_NODE_PARAMETER_ASSIGNMENT        ; SLD_STORAGE_QUALIFIER_BITS=144                                                                                                                                                                                                                                                                                                                                                                                                                                                                  ; --            ; --          ; auto_signaltap_0 ;
; SLD_NODE_PARAMETER_ASSIGNMENT        ; SLD_INVERSION_MASK=0000000000000000000000000000000000000000000000000000000000000000000000000000000000000000000000000000000000000000000000000000000000000000000000000000000000000000000000000000000000000000000000000000000000000000000000000000000000000000000000000000000000000000000000000000000000000000000000000000000000000000000000000000000000000000000000000000000000000000000000000000000000000000000000000000000000000000000000000000000000000000000000000000000000000000000000000000 ; --            ; --          ; auto_signaltap_0 ;
; SLD_NODE_PARAMETER_ASSIGNMENT        ; SLD_INVERSION_MASK_LENGTH=460                                                                                                                                                                                                                                                                                                                                                                                                                                                                   ; --            ; --          ; auto_signaltap_0 ;
; SLD_NODE_PARAMETER_ASSIGNMENT        ; SLD_SEGMENT_SIZE=16384                                                                                                                                                                                                                                                                                                                                                                                                                                                                          ; --            ; --          ; auto_signaltap_0 ;
; SLD_NODE_PARAMETER_ASSIGNMENT        ; SLD_SAMPLE_DEPTH=16384                                                                                                                                                                                                                                                                                                                                                                                                                                                                          ; --            ; --          ; auto_signaltap_0 ;
; USE_SIGNALTAP_FILE                   ; output_files/MULT.stp                                                                                                                                                                                                                                                                                                                                                                                                                                                                           ; --            ; --          ; --               ;
+--------------------------------------+-------------------------------------------------------------------------------------------------------------------------------------------------------------------------------------------------------------------------------------------------------------------------------------------------------------------------------------------------------------------------------------------------------------------------------------------------------------------------------------------------+---------------+-------------+------------------+
=======
+-------------------------------------------------------------------------------------------------------------------------------+
; Flow Non-Default Global Settings                                                                                              ;
+--------------------------------------+----------------------------------------+---------------+--------------+----------------+
; Assignment Name                      ; Value                                  ; Default Value ; Entity Name  ; Section Id     ;
+--------------------------------------+----------------------------------------+---------------+--------------+----------------+
; COMPILER_SIGNATURE_ID                ; 66120947909142.164792302001380         ; --            ; --           ; --             ;
; EDA_DESIGN_INSTANCE_NAME             ; NA                                     ; --            ; --           ; testbench      ;
; EDA_NATIVELINK_SIMULATION_TEST_BENCH ; testbench                              ; --            ; --           ; eda_simulation ;
; EDA_OUTPUT_DATA_FORMAT               ; Systemverilog Hdl                      ; --            ; --           ; eda_simulation ;
; EDA_SIMULATION_TOOL                  ; ModelSim-Altera (SystemVerilog)        ; <None>        ; --           ; --             ;
; EDA_TEST_BENCH_ENABLE_STATUS         ; TEST_BENCH_MODE                        ; --            ; --           ; eda_simulation ;
; EDA_TEST_BENCH_FILE                  ; testbench.sv                           ; --            ; --           ; testbench      ;
; EDA_TEST_BENCH_MODULE_NAME           ; testbench                              ; --            ; --           ; testbench      ;
; EDA_TEST_BENCH_NAME                  ; testbench                              ; --            ; --           ; eda_simulation ;
; EDA_TEST_BENCH_RUN_SIM_FOR           ; 2 us                                   ; --            ; --           ; testbench      ;
; EDA_TIME_SCALE                       ; 1 ps                                   ; --            ; --           ; eda_simulation ;
; MAX_CORE_JUNCTION_TEMP               ; 85                                     ; --            ; --           ; --             ;
; MIN_CORE_JUNCTION_TEMP               ; 0                                      ; --            ; --           ; --             ;
; MISC_FILE                            ; ram_bb.v                               ; --            ; --           ; --             ;
; PARTITION_COLOR                      ; -- (Not supported for targeted family) ; --            ; slc3_testtop ; Top            ;
; PARTITION_FITTER_PRESERVATION_LEVEL  ; -- (Not supported for targeted family) ; --            ; slc3_testtop ; Top            ;
; PARTITION_NETLIST_TYPE               ; -- (Not supported for targeted family) ; --            ; slc3_testtop ; Top            ;
; POWER_BOARD_THERMAL_MODEL            ; None (CONSERVATIVE)                    ; --            ; --           ; --             ;
; POWER_PRESET_COOLING_SOLUTION        ; 23 MM HEAT SINK WITH 200 LFPM AIRFLOW  ; --            ; --           ; --             ;
; PROJECT_OUTPUT_DIRECTORY             ; output_files                           ; --            ; --           ; --             ;
; TOP_LEVEL_ENTITY                     ; slc3_testtop                           ; slc3_sramtop  ; --           ; --             ;
+--------------------------------------+----------------------------------------+---------------+--------------+----------------+
>>>>>>> e6c91f8e089f482f7fd41798f3214769357f980c


+--------------------------------------------------------------------------------------------------------------------------+
; Flow Elapsed Time                                                                                                        ;
+----------------------+--------------+-------------------------+---------------------+------------------------------------+
; Module Name          ; Elapsed Time ; Average Processors Used ; Peak Virtual Memory ; Total CPU Time (on all processors) ;
+----------------------+--------------+-------------------------+---------------------+------------------------------------+
<<<<<<< HEAD
; Analysis & Synthesis ; 00:00:56     ; 1.0                     ; 4875 MB             ; 00:01:23                           ;
; Partition Merge      ; 00:00:03     ; 1.0                     ; 4706 MB             ; 00:00:02                           ;
; Fitter               ; 00:00:12     ; 1.0                     ; 5431 MB             ; 00:00:14                           ;
; Total                ; 00:01:11     ; --                      ; --                  ; 00:01:39                           ;
=======
; Analysis & Synthesis ; 00:00:10     ; 1.0                     ; 4770 MB             ; 00:00:23                           ;
; Total                ; 00:00:10     ; --                      ; --                  ; 00:00:23                           ;
>>>>>>> e6c91f8e089f482f7fd41798f3214769357f980c
+----------------------+--------------+-------------------------+---------------------+------------------------------------+


+------------------------------------------------------------------------------------+
; Flow OS Summary                                                                    ;
+----------------------+------------------+------------+------------+----------------+
; Module Name          ; Machine Hostname ; OS Name    ; OS Version ; Processor type ;
+----------------------+------------------+------------+------------+----------------+
<<<<<<< HEAD
; Analysis & Synthesis ; Machine1000      ; Windows 10 ; 10.0       ; x86_64         ;
; Partition Merge      ; Machine1000      ; Windows 10 ; 10.0       ; x86_64         ;
; Fitter               ; Machine1000      ; Windows 10 ; 10.0       ; x86_64         ;
=======
; Analysis & Synthesis ; DESKTOP-IK5HTH5  ; Windows 10 ; 10.0       ; x86_64         ;
>>>>>>> e6c91f8e089f482f7fd41798f3214769357f980c
+----------------------+------------------+------------+------------+----------------+


------------
; Flow Log ;
------------
quartus_map --read_settings_files=on --write_settings_files=off slc3_sramtop -c slc3_sramtop
<<<<<<< HEAD
quartus_cdb --read_settings_files=off --write_settings_files=off slc3_sramtop -c slc3_sramtop --merge=on
quartus_fit --read_settings_files=off --write_settings_files=off slc3_sramtop -c slc3_sramtop
=======
>>>>>>> e6c91f8e089f482f7fd41798f3214769357f980c



