Analysis & Elaboration report for multiplier
Mon Feb 28 20:03:58 2022
Quartus Prime Version 18.1.0 Build 625 09/12/2018 SJ Lite Edition


---------------------
; Table of Contents ;
---------------------
  1. Legal Notice
  2. Analysis & Elaboration Summary
  3. Parallel Compilation
  4. Analysis & Elaboration Settings
  5. Port Connectivity Checks: "reg_8:B_reg"
  6. Port Connectivity Checks: "reg_8:X_reg"
  7. Port Connectivity Checks: "lookahead_adder:add"
  8. Port Connectivity Checks: "lookahead_adder:negative|nibble_lookahead_adder:NLA1"
  9. Port Connectivity Checks: "lookahead_adder:negative|nibble_lookahead_adder:NLA0|bit_adder:ba2"
 10. Port Connectivity Checks: "lookahead_adder:negative|nibble_lookahead_adder:NLA0|bit_adder:ba1"
 11. Port Connectivity Checks: "lookahead_adder:negative|nibble_lookahead_adder:NLA0|bit_adder:ba0"
 12. Port Connectivity Checks: "lookahead_adder:negative|nibble_lookahead_adder:NLA0"
 13. Port Connectivity Checks: "lookahead_adder:negative"
 14. Analysis & Elaboration Messages
 15. Analysis & Elaboration Suppressed Messages



----------------
; Legal Notice ;
----------------
Copyright (C) 2018  Intel Corporation. All rights reserved.
Your use of Intel Corporation's design tools, logic functions 
and other software and tools, and its AMPP partner logic 
functions, and any output files from any of the foregoing 
(including device programming or simulation files), and any 
associated documentation or information are expressly subject 
to the terms and conditions of the Intel Program License 
Subscription Agreement, the Intel Quartus Prime License Agreement,
the Intel FPGA IP License Agreement, or other applicable license
agreement, including, without limitation, that your use is for
the sole purpose of programming logic devices manufactured by
Intel and sold by Intel or its authorized distributors.  Please
refer to the applicable agreement for further details.



+----------------------------------------------------------------------------------+
; Analysis & Elaboration Summary                                                   ;
+------------------------------------+---------------------------------------------+
; Analysis & Elaboration Status      ; Successful - Mon Feb 28 20:03:58 2022       ;
; Quartus Prime Version              ; 18.1.0 Build 625 09/12/2018 SJ Lite Edition ;
; Revision Name                      ; multiplier                                  ;
; Top-level Entity Name              ; multiplier                                  ;
; Family                             ; MAX 10                                      ;
; Total logic elements               ; N/A until Partition Merge                   ;
;     Total combinational functions  ; N/A until Partition Merge                   ;
;     Dedicated logic registers      ; N/A until Partition Merge                   ;
; Total registers                    ; N/A until Partition Merge                   ;
; Total pins                         ; N/A until Partition Merge                   ;
; Total virtual pins                 ; N/A until Partition Merge                   ;
; Total memory bits                  ; N/A until Partition Merge                   ;
; Embedded Multiplier 9-bit elements ; N/A until Partition Merge                   ;
; Total PLLs                         ; N/A until Partition Merge                   ;
; UFM blocks                         ; N/A until Partition Merge                   ;
; ADC blocks                         ; N/A until Partition Merge                   ;
+------------------------------------+---------------------------------------------+


+------------------------------------------+
; Parallel Compilation                     ;
+----------------------------+-------------+
; Processors                 ; Number      ;
+----------------------------+-------------+
; Number detected on machine ; 8           ;
; Maximum allowed            ; 4           ;
;                            ;             ;
; Average used               ; 1.00        ;
; Maximum used               ; 1           ;
;                            ;             ;
; Usage by Processor         ; % Time Used ;
;     Processor 1            ; 100.0%      ;
+----------------------------+-------------+


+------------------------------------------------------------------------------------------------------------+
; Analysis & Elaboration Settings                                                                            ;
+------------------------------------------------------------------+--------------------+--------------------+
; Option                                                           ; Setting            ; Default Value      ;
+------------------------------------------------------------------+--------------------+--------------------+
; Device                                                           ; 10M50DAF484C7G     ;                    ;
; Top-level entity name                                            ; multiplier         ; multiplier         ;
; Family name                                                      ; MAX 10             ; Cyclone V          ;
; Use smart compilation                                            ; Off                ; Off                ;
; Enable parallel Assembler and Timing Analyzer during compilation ; On                 ; On                 ;
; Enable compact report table                                      ; Off                ; Off                ;
; Restructure Multiplexers                                         ; Auto               ; Auto               ;
; Create Debugging Nodes for IP Cores                              ; Off                ; Off                ;
; Preserve fewer node names                                        ; On                 ; On                 ;
; Intel FPGA IP Evaluation Mode                                    ; Enable             ; Enable             ;
; Verilog Version                                                  ; Verilog_2001       ; Verilog_2001       ;
; VHDL Version                                                     ; VHDL_1993          ; VHDL_1993          ;
; State Machine Processing                                         ; Auto               ; Auto               ;
; Safe State Machine                                               ; Off                ; Off                ;
; Extract Verilog State Machines                                   ; On                 ; On                 ;
; Extract VHDL State Machines                                      ; On                 ; On                 ;
; Ignore Verilog initial constructs                                ; Off                ; Off                ;
; Iteration limit for constant Verilog loops                       ; 5000               ; 5000               ;
; Iteration limit for non-constant Verilog loops                   ; 250                ; 250                ;
; Add Pass-Through Logic to Inferred RAMs                          ; On                 ; On                 ;
; Infer RAMs from Raw Logic                                        ; On                 ; On                 ;
; Parallel Synthesis                                               ; On                 ; On                 ;
; DSP Block Balancing                                              ; Auto               ; Auto               ;
; NOT Gate Push-Back                                               ; On                 ; On                 ;
; Power-Up Don't Care                                              ; On                 ; On                 ;
; Remove Redundant Logic Cells                                     ; Off                ; Off                ;
; Remove Duplicate Registers                                       ; On                 ; On                 ;
; Ignore CARRY Buffers                                             ; Off                ; Off                ;
; Ignore CASCADE Buffers                                           ; Off                ; Off                ;
; Ignore GLOBAL Buffers                                            ; Off                ; Off                ;
; Ignore ROW GLOBAL Buffers                                        ; Off                ; Off                ;
; Ignore LCELL Buffers                                             ; Off                ; Off                ;
; Ignore SOFT Buffers                                              ; On                 ; On                 ;
; Limit AHDL Integers to 32 Bits                                   ; Off                ; Off                ;
; Optimization Technique                                           ; Balanced           ; Balanced           ;
; Carry Chain Length                                               ; 70                 ; 70                 ;
; Auto Carry Chains                                                ; On                 ; On                 ;
; Auto Open-Drain Pins                                             ; On                 ; On                 ;
; Perform WYSIWYG Primitive Resynthesis                            ; Off                ; Off                ;
; Auto ROM Replacement                                             ; On                 ; On                 ;
; Auto RAM Replacement                                             ; On                 ; On                 ;
; Auto DSP Block Replacement                                       ; On                 ; On                 ;
; Auto Shift Register Replacement                                  ; Auto               ; Auto               ;
; Allow Shift Register Merging across Hierarchies                  ; Auto               ; Auto               ;
; Auto Clock Enable Replacement                                    ; On                 ; On                 ;
; Strict RAM Replacement                                           ; Off                ; Off                ;
; Allow Synchronous Control Signals                                ; On                 ; On                 ;
; Force Use of Synchronous Clear Signals                           ; Off                ; Off                ;
; Auto RAM Block Balancing                                         ; On                 ; On                 ;
; Auto RAM to Logic Cell Conversion                                ; Off                ; Off                ;
; Auto Resource Sharing                                            ; Off                ; Off                ;
; Allow Any RAM Size For Recognition                               ; Off                ; Off                ;
; Allow Any ROM Size For Recognition                               ; Off                ; Off                ;
; Allow Any Shift Register Size For Recognition                    ; Off                ; Off                ;
; Use LogicLock Constraints during Resource Balancing              ; On                 ; On                 ;
; Ignore translate_off and synthesis_off directives                ; Off                ; Off                ;
; Timing-Driven Synthesis                                          ; On                 ; On                 ;
; Report Parameter Settings                                        ; On                 ; On                 ;
; Report Source Assignments                                        ; On                 ; On                 ;
; Report Connectivity Checks                                       ; On                 ; On                 ;
; Ignore Maximum Fan-Out Assignments                               ; Off                ; Off                ;
; Synchronization Register Chain Length                            ; 2                  ; 2                  ;
; Power Optimization During Synthesis                              ; Normal compilation ; Normal compilation ;
; HDL message level                                                ; Level2             ; Level2             ;
; Suppress Register Optimization Related Messages                  ; Off                ; Off                ;
; Number of Removed Registers Reported in Synthesis Report         ; 5000               ; 5000               ;
; Number of Swept Nodes Reported in Synthesis Report               ; 5000               ; 5000               ;
; Number of Inverted Registers Reported in Synthesis Report        ; 100                ; 100                ;
; Clock MUX Protection                                             ; On                 ; On                 ;
; Auto Gated Clock Conversion                                      ; Off                ; Off                ;
; Block Design Naming                                              ; Auto               ; Auto               ;
; SDC constraint protection                                        ; Off                ; Off                ;
; Synthesis Effort                                                 ; Auto               ; Auto               ;
; Shift Register Replacement - Allow Asynchronous Clear Signal     ; On                 ; On                 ;
; Pre-Mapping Resynthesis Optimization                             ; Off                ; Off                ;
; Analysis & Synthesis Message Level                               ; Medium             ; Medium             ;
; Disable Register Merging Across Hierarchies                      ; Auto               ; Auto               ;
; Resource Aware Inference For Block RAM                           ; On                 ; On                 ;
+------------------------------------------------------------------+--------------------+--------------------+


+-------------------------------------------------------------------------------------------------------------------------------------------------------------------------------------------------------------------+
; Port Connectivity Checks: "reg_8:B_reg"                                                                                                                                                                           ;
+-----------+-------+----------+------------------------------------------------------------------------------------------------------------------------------------------------------------------------------------+
; Port      ; Type  ; Severity ; Details                                                                                                                                                                            ;
+-----------+-------+----------+------------------------------------------------------------------------------------------------------------------------------------------------------------------------------------+
; Reset     ; Input ; Warning  ; Input port expression (32 bits) is wider than the input port (1 bits) it drives.  The 31 most-significant bit(s) in the expression will be dangling if they have no other fanouts. ;
; Reset[-1] ; Input ; Info     ; Stuck at GND                                                                                                                                                                       ;
+-----------+-------+----------+------------------------------------------------------------------------------------------------------------------------------------------------------------------------------------+


+-----------------------------------------------------------------------------------------------------------------------------------------------------------------------------------------------------------------------+
; Port Connectivity Checks: "reg_8:X_reg"                                                                                                                                                                               ;
+--------------+--------+----------+------------------------------------------------------------------------------------------------------------------------------------------------------------------------------------+
; Port         ; Type   ; Severity ; Details                                                                                                                                                                            ;
+--------------+--------+----------+------------------------------------------------------------------------------------------------------------------------------------------------------------------------------------+
; Shift_In     ; Input  ; Warning  ; Input port expression (32 bits) is wider than the input port (1 bits) it drives.  The 31 most-significant bit(s) in the expression will be dangling if they have no other fanouts. ;
; Shift_In[-1] ; Input  ; Info     ; Stuck at GND                                                                                                                                                                       ;
; Shift_En     ; Input  ; Warning  ; Input port expression (32 bits) is wider than the input port (1 bits) it drives.  The 31 most-significant bit(s) in the expression will be dangling if they have no other fanouts. ;
; Shift_En[-1] ; Input  ; Info     ; Stuck at GND                                                                                                                                                                       ;
; Shift_Out    ; Output ; Info     ; Connected to dangling logic. Logic that only feeds a dangling port will be removed.                                                                                                ;
; Data_Out     ; Output ; Warning  ; Output or bidir port (8 bits) is wider than the port expression (1 bits) it drives; bit(s) "Data_Out[7..1]" have no fanouts                                                        ;
+--------------+--------+----------+------------------------------------------------------------------------------------------------------------------------------------------------------------------------------------+


+------------------------------------------------------------------------------------------------------------------------------------------------------------------------------------------------------------------+
; Port Connectivity Checks: "lookahead_adder:add"                                                                                                                                                                  ;
+---------+--------+----------+------------------------------------------------------------------------------------------------------------------------------------------------------------------------------------+
; Port    ; Type   ; Severity ; Details                                                                                                                                                                            ;
+---------+--------+----------+------------------------------------------------------------------------------------------------------------------------------------------------------------------------------------+
; cin     ; Input  ; Warning  ; Input port expression (32 bits) is wider than the input port (1 bits) it drives.  The 31 most-significant bit(s) in the expression will be dangling if they have no other fanouts. ;
; cin[-1] ; Input  ; Info     ; Stuck at GND                                                                                                                                                                       ;
; S       ; Output ; Warning  ; Output or bidir port (9 bits) is smaller than the port expression (10 bits) it drives.  The 1 most-significant bit(s) in the port expression will be connected to GND.             ;
; cout    ; Output ; Info     ; Connected to dangling logic. Logic that only feeds a dangling port will be removed.                                                                                                ;
+---------+--------+----------+------------------------------------------------------------------------------------------------------------------------------------------------------------------------------------+


+-----------------------------------------------------------------------------------------------------------------+
; Port Connectivity Checks: "lookahead_adder:negative|nibble_lookahead_adder:NLA1"                                ;
+-------+--------+----------+-------------------------------------------------------------------------------------+
; Port  ; Type   ; Severity ; Details                                                                             ;
+-------+--------+----------+-------------------------------------------------------------------------------------+
; P_out ; Output ; Info     ; Connected to dangling logic. Logic that only feeds a dangling port will be removed. ;
; G_out ; Output ; Info     ; Connected to dangling logic. Logic that only feeds a dangling port will be removed. ;
+-------+--------+----------+-------------------------------------------------------------------------------------+


+----------------------------------------------------------------------------------------------------------------+
; Port Connectivity Checks: "lookahead_adder:negative|nibble_lookahead_adder:NLA0|bit_adder:ba2"                 ;
+------+--------+----------+-------------------------------------------------------------------------------------+
; Port ; Type   ; Severity ; Details                                                                             ;
+------+--------+----------+-------------------------------------------------------------------------------------+
; c    ; Output ; Info     ; Connected to dangling logic. Logic that only feeds a dangling port will be removed. ;
+------+--------+----------+-------------------------------------------------------------------------------------+


+----------------------------------------------------------------------------------------------------------------+
; Port Connectivity Checks: "lookahead_adder:negative|nibble_lookahead_adder:NLA0|bit_adder:ba1"                 ;
+------+--------+----------+-------------------------------------------------------------------------------------+
; Port ; Type   ; Severity ; Details                                                                             ;
+------+--------+----------+-------------------------------------------------------------------------------------+
; c    ; Output ; Info     ; Connected to dangling logic. Logic that only feeds a dangling port will be removed. ;
+------+--------+----------+-------------------------------------------------------------------------------------+


+----------------------------------------------------------------------------------------------------------------+
; Port Connectivity Checks: "lookahead_adder:negative|nibble_lookahead_adder:NLA0|bit_adder:ba0"                 ;
+------+--------+----------+-------------------------------------------------------------------------------------+
; Port ; Type   ; Severity ; Details                                                                             ;
+------+--------+----------+-------------------------------------------------------------------------------------+
; c    ; Output ; Info     ; Connected to dangling logic. Logic that only feeds a dangling port will be removed. ;
+------+--------+----------+-------------------------------------------------------------------------------------+


+----------------------------------------------------------------------------------------------------------------+
; Port Connectivity Checks: "lookahead_adder:negative|nibble_lookahead_adder:NLA0"                               ;
+------+--------+----------+-------------------------------------------------------------------------------------+
; Port ; Type   ; Severity ; Details                                                                             ;
+------+--------+----------+-------------------------------------------------------------------------------------+
; cout ; Output ; Info     ; Connected to dangling logic. Logic that only feeds a dangling port will be removed. ;
+------+--------+----------+-------------------------------------------------------------------------------------+


+------------------------------------------------------------------------------------------------------------------------------------------------------------------------------------------------------------------+
; Port Connectivity Checks: "lookahead_adder:negative"                                                                                                                                                             ;
+---------+--------+----------+------------------------------------------------------------------------------------------------------------------------------------------------------------------------------------+
; Port    ; Type   ; Severity ; Details                                                                                                                                                                            ;
+---------+--------+----------+------------------------------------------------------------------------------------------------------------------------------------------------------------------------------------+
; B       ; Input  ; Warning  ; Input port expression (32 bits) is wider than the input port (9 bits) it drives.  The 23 most-significant bit(s) in the expression will be dangling if they have no other fanouts. ;
; B[8..1] ; Input  ; Info     ; Stuck at GND                                                                                                                                                                       ;
; B[0]    ; Input  ; Info     ; Stuck at VCC                                                                                                                                                                       ;
; cin     ; Input  ; Warning  ; Input port expression (32 bits) is wider than the input port (1 bits) it drives.  The 31 most-significant bit(s) in the expression will be dangling if they have no other fanouts. ;
; cin[-1] ; Input  ; Info     ; Stuck at GND                                                                                                                                                                       ;
; cout    ; Output ; Info     ; Connected to dangling logic. Logic that only feeds a dangling port will be removed.                                                                                                ;
+---------+--------+----------+------------------------------------------------------------------------------------------------------------------------------------------------------------------------------------+


+---------------------------------+
; Analysis & Elaboration Messages ;
+---------------------------------+
Info: *******************************************************************
Info: Running Quartus Prime Analysis & Elaboration
    Info: Version 18.1.0 Build 625 09/12/2018 SJ Lite Edition
    Info: Processing started: Mon Feb 28 20:03:49 2022
Info: Command: quartus_map --read_settings_files=on --write_settings_files=off multiplier -c multiplier --analysis_and_elaboration
Warning (18236): Number of processors has not been specified which may cause overloading on shared machines.  Set the global assignment NUM_PARALLEL_PROCESSORS in your QSF to an appropriate value for best performance.
Info (20030): Parallel compilation is enabled and will use 4 of the 4 processors detected
Info (12021): Found 1 design units, including 1 entities, in source file multiplier.sv
    Info (12023): Found entity 1: multiplier File: C:/Users/beallis3/Desktop/ece385-sp2022/lab 4/quartus code/multiplier.sv Line: 1
Warning (10261): Verilog HDL Event Control warning at control.sv(28): Event Control contains a complex event expression File: C:/Users/beallis3/Desktop/ece385-sp2022/lab 4/quartus code/control.sv Line: 28
Info (12021): Found 1 design units, including 1 entities, in source file control.sv
    Info (12023): Found entity 1: control File: C:/Users/beallis3/Desktop/ece385-sp2022/lab 4/quartus code/control.sv Line: 1
Info (12021): Found 3 design units, including 3 entities, in source file lookahead_adder.sv
    Info (12023): Found entity 1: bit_adder File: C:/Users/beallis3/Desktop/ece385-sp2022/lab 4/quartus code/lookahead_adder.sv Line: 1
    Info (12023): Found entity 2: nibble_lookahead_adder File: C:/Users/beallis3/Desktop/ece385-sp2022/lab 4/quartus code/lookahead_adder.sv Line: 13
    Info (12023): Found entity 3: lookahead_adder File: C:/Users/beallis3/Desktop/ece385-sp2022/lab 4/quartus code/lookahead_adder.sv Line: 43
Info (12021): Found 1 design units, including 1 entities, in source file register_unit.sv
    Info (12023): Found entity 1: reg_8 File: C:/Users/beallis3/Desktop/ece385-sp2022/lab 4/quartus code/register_unit.sv Line: 1
Info (12021): Found 1 design units, including 1 entities, in source file testbench.sv
    Info (12023): Found entity 1: testbench File: C:/Users/beallis3/Desktop/ece385-sp2022/lab 4/quartus code/testbench.sv Line: 1
Info (12021): Found 1 design units, including 1 entities, in source file hexdriver.sv
    Info (12023): Found entity 1: HexDriver File: C:/Users/beallis3/Desktop/ece385-sp2022/lab 4/quartus code/HexDriver.sv Line: 1
Info (12127): Elaborating entity "multiplier" for the top level hierarchy
Warning (10230): Verilog HDL assignment warning at multiplier.sv(25): truncated value with size 40 to match size of target (9) File: C:/Users/beallis3/Desktop/ece385-sp2022/lab 4/quartus code/multiplier.sv Line: 25
Info (12128): Elaborating entity "control" for hierarchy "control:run" File: C:/Users/beallis3/Desktop/ece385-sp2022/lab 4/quartus code/multiplier.sv Line: 17
Info (12128): Elaborating entity "lookahead_adder" for hierarchy "lookahead_adder:negative" File: C:/Users/beallis3/Desktop/ece385-sp2022/lab 4/quartus code/multiplier.sv Line: 26
Info (12128): Elaborating entity "nibble_lookahead_adder" for hierarchy "lookahead_adder:negative|nibble_lookahead_adder:NLA0" File: C:/Users/beallis3/Desktop/ece385-sp2022/lab 4/quartus code/lookahead_adder.sv Line: 55
Info (12128): Elaborating entity "bit_adder" for hierarchy "lookahead_adder:negative|nibble_lookahead_adder:NLA0|bit_adder:ba0" File: C:/Users/beallis3/Desktop/ece385-sp2022/lab 4/quartus code/lookahead_adder.sv Line: 31
Info (12128): Elaborating entity "reg_8" for hierarchy "reg_8:X_reg" File: C:/Users/beallis3/Desktop/ece385-sp2022/lab 4/quartus code/multiplier.sv Line: 46
Info (12128): Elaborating entity "HexDriver" for hierarchy "HexDriver:AHex0" File: C:/Users/beallis3/Desktop/ece385-sp2022/lab 4/quartus code/multiplier.sv Line: 52
Warning (12241): 4 hierarchies have connectivity warnings - see the Connectivity Checks report folder
Info (144001): Generated suppressed messages file C:/Users/beallis3/Desktop/ece385-sp2022/lab 4/quartus code/output_files/multiplier.map.smsg
Info: Quartus Prime Analysis & Elaboration was successful. 0 errors, 4 warnings
    Info: Peak virtual memory: 4707 megabytes
    Info: Processing ended: Mon Feb 28 20:03:58 2022
    Info: Elapsed time: 00:00:09
    Info: Total CPU time (on all processors): 00:00:21


+--------------------------------------------+
; Analysis & Elaboration Suppressed Messages ;
+--------------------------------------------+
The suppressed messages can be found in C:/Users/beallis3/Desktop/ece385-sp2022/lab 4/quartus code/output_files/multiplier.map.smsg.


